[0m[[0m[0mdebug[0m] [0m[0m> Exec(test, Some(f66ad18d-a048-404a-9f2e-735226e842a4), Some(CommandSource(console0)))[0m
[0m[[0m[0mdebug[0m] [0m[0mEvaluating tasks: Test / test[0m
[0m[[0m[0mdebug[0m] [0m[0mRunning task... Cancel: Signal, check cycles: false, forcegc: true[0m
[0m[[0m[0minfo[0m] [0m[0mcompiling 1 Scala source to /media/ddddddd/40d0728b-21f5-4125-bf84-4d623a60d871/ddddddd/Documents/Xilinx_FPGA/chisel-template/target/scala-2.13/classes ...[0m
[0m[[0m[33mwarn[0m] [0m[0m/media/ddddddd/40d0728b-21f5-4125-bf84-4d623a60d871/ddddddd/Documents/Xilinx_FPGA/chisel-template/src/main/scala/mips_cpu/core/muldiv.scala:102:41: method copyArrayToImmutableIndexedSeq in class LowPriorityImplicits2 is deprecated (since 2.13.0): Implicit conversions from Array to immutable.IndexedSeq are implemented by copying; Use the more efficient non-copying ArraySeq.unsafeWrapArray or an explicit toIndexedSeq call[0m
[0m[[0m[33mwarn[0m] [0m[0m    in1_valid := MuxCase(in1_valid,Array([0m
[0m[[0m[33mwarn[0m] [0m[0m                                        ^[0m
[0m[[0m[33mwarn[0m] [0m[0m/media/ddddddd/40d0728b-21f5-4125-bf84-4d623a60d871/ddddddd/Documents/Xilinx_FPGA/chisel-template/src/main/scala/mips_cpu/core/muldiv.scala:106:41: method copyArrayToImmutableIndexedSeq in class LowPriorityImplicits2 is deprecated (since 2.13.0): Implicit conversions from Array to immutable.IndexedSeq are implemented by copying; Use the more efficient non-copying ArraySeq.unsafeWrapArray or an explicit toIndexedSeq call[0m
[0m[[0m[33mwarn[0m] [0m[0m    in2_valid := MuxCase(in2_valid,Array([0m
[0m[[0m[33mwarn[0m] [0m[0m                                        ^[0m
[0m[[0m[33mwarn[0m] [0m[0m/media/ddddddd/40d0728b-21f5-4125-bf84-4d623a60d871/ddddddd/Documents/Xilinx_FPGA/chisel-template/src/main/scala/mips_cpu/core/muldiv.scala:111:45: method copyArrayToImmutableIndexedSeq in class LowPriorityImplicits2 is deprecated (since 2.13.0): Implicit conversions from Array to immutable.IndexedSeq are implemented by copying; Use the more efficient non-copying ArraySeq.unsafeWrapArray or an explicit toIndexedSeq call[0m
[0m[[0m[33mwarn[0m] [0m[0m    in2_valid_u := MuxCase(in2_valid_u,Array([0m
[0m[[0m[33mwarn[0m] [0m[0m                                            ^[0m
[0m[[0m[33mwarn[0m] [0m[0m/media/ddddddd/40d0728b-21f5-4125-bf84-4d623a60d871/ddddddd/Documents/Xilinx_FPGA/chisel-template/src/main/scala/mips_cpu/core/muldiv.scala:115:45: method copyArrayToImmutableIndexedSeq in class LowPriorityImplicits2 is deprecated (since 2.13.0): Implicit conversions from Array to immutable.IndexedSeq are implemented by copying; Use the more efficient non-copying ArraySeq.unsafeWrapArray or an explicit toIndexedSeq call[0m
[0m[[0m[33mwarn[0m] [0m[0m    in2_valid_u := MuxCase(in2_valid_u,Array([0m
[0m[[0m[33mwarn[0m] [0m[0m                                            ^[0m
[0m[[0m[33mwarn[0m] [0m[0m/media/ddddddd/40d0728b-21f5-4125-bf84-4d623a60d871/ddddddd/Documents/Xilinx_FPGA/chisel-template/src/main/scala/mips_cpu/core/muldiv.scala:128:45: method copyArrayToImmutableIndexedSeq in class LowPriorityImplicits2 is deprecated (since 2.13.0): Implicit conversions from Array to immutable.IndexedSeq are implemented by copying; Use the more efficient non-copying ArraySeq.unsafeWrapArray or an explicit toIndexedSeq call[0m
[0m[[0m[33mwarn[0m] [0m[0m    pending_Reg := MuxCase(pending_Reg,Array([0m
[0m[[0m[33mwarn[0m] [0m[0m                                            ^[0m
[0m[[0m[33mwarn[0m] [0m[0m5 warnings found[0m
[0m[[0m[0minfo[0m] [0m[0m[32mGCDSpec:[0m[0m
[0m[[0m[0minfo[0m] [0m[0m[32m- Gcd should calculate proper greatest common denominator[0m[0m
[0m[[0m[0minfo[0m] [0m[0m[36mRun completed in 2 seconds, 57 milliseconds.[0m[0m
[0m[[0m[0minfo[0m] [0m[0m[36mTotal number of tests run: 1[0m[0m
[0m[[0m[0minfo[0m] [0m[0m[36mSuites: completed 1, aborted 0[0m[0m
[0m[[0m[0minfo[0m] [0m[0m[36mTests: succeeded 1, failed 0, canceled 0, ignored 0, pending 0[0m[0m
[0m[[0m[0minfo[0m] [0m[0m[32mAll tests passed.[0m[0m
[0m[[0m[32msuccess[0m] [0m[0mTotal time: 3 s, completed May 10, 2022, 9:07:39 PM[0m
[0m[[0m[0mdebug[0m] [0m[0m> Exec(shell, None, None)[0m
