[0m[[0m[0mdebug[0m] [0m[0m> Exec(test, Some(692e348d-9c26-4238-a91a-4b8bcb1add4b), Some(CommandSource(console0)))[0m
[0m[[0m[0mdebug[0m] [0m[0mEvaluating tasks: Test / test[0m
[0m[[0m[0mdebug[0m] [0m[0mRunning task... Cancel: Signal, check cycles: false, forcegc: true[0m
[0m[[0m[0minfo[0m] [0m[0mcompiling 70 Scala sources to /data/longxin/learning/ic_design/chisel-template/target/scala-2.13/classes ...[0m
[0m[[0m[33mwarn[0m] [0m[0m/data/longxin/learning/ic_design/chisel-template/src/main/scala/mips_cpu_cache/core/cu.scala:132:51: method copyArrayToImmutableIndexedSeq in class LowPriorityImplicits2 is deprecated (since 2.13.0): Implicit conversions from Array to immutable.IndexedSeq are implemented by copying; Use the more efficient non-copying ArraySeq.unsafeWrapArray or an explicit toIndexedSeq call[0m
[0m[[0m[33mwarn[0m] [0m[0m        ( OP_BRANCH) -> MuxCase(1.U<<ID_NULL,Array( //åŽé¢è¿™é‡Œå¯ä»¥æ”¹,åœ¨idæ—¶å°±å¼€å§‹ç®—åˆ†æ”¯[0m
[0m[[0m[33mwarn[0m] [0m[0m                                                  ^[0m
[0m[[0m[33mwarn[0m] [0m[0m/data/longxin/learning/ic_design/chisel-template/src/main/scala/mips_cpu_cache/core/cu.scala:138:54: method copyArrayToImmutableIndexedSeq in class LowPriorityImplicits2 is deprecated (since 2.13.0): Implicit conversions from Array to immutable.IndexedSeq are implemented by copying; Use the more efficient non-copying ArraySeq.unsafeWrapArray or an explicit toIndexedSeq call[0m
[0m[[0m[33mwarn[0m] [0m[0m        ( OP_PRIVILEGE) -> MuxCase(1.U<<ID_NULL,Array( //åŽé¢è¿™é‡Œå¯ä»¥æ”¹,åœ¨idæ—¶å°±å¼€å§‹ç®—åˆ†æ”¯[0m
[0m[[0m[33mwarn[0m] [0m[0m                                                     ^[0m
[0m[[0m[33mwarn[0m] [0m[0m/data/longxin/learning/ic_design/chisel-template/src/main/scala/mips_cpu_cache/core/cu.scala:393:51: method copyArrayToImmutableIndexedSeq in class LowPriorityImplicits2 is deprecated (since 2.13.0): Implicit conversions from Array to immutable.IndexedSeq are implemented by copying; Use the more efficient non-copying ArraySeq.unsafeWrapArray or an explicit toIndexedSeq call[0m
[0m[[0m[33mwarn[0m] [0m[0m        ( OP_PRIVILEGE) -> MuxCase(ID_NULL.U,Array( //åŽé¢è¿™é‡Œå¯ä»¥æ”¹,åœ¨idæ—¶å°±å¼€å§‹ç®—åˆ†æ”¯[0m
[0m[[0m[33mwarn[0m] [0m[0m                                                  ^[0m
[0m[[0m[33mwarn[0m] [0m[0m/data/longxin/learning/ic_design/chisel-template/src/main/scala/npc_code/EXU.scala:18:41: method copyArrayToImmutableIndexedSeq in class LowPriorityImplicits2 is deprecated (since 2.13.0): Implicit conversions from Array to immutable.IndexedSeq are implemented by copying; Use the more efficient non-copying ArraySeq.unsafeWrapArray or an explicit toIndexedSeq call[0m
[0m[[0m[33mwarn[0m] [0m[0m    io.answer := MuxCase(0.U(64.W),Array([0m
[0m[[0m[33mwarn[0m] [0m[0m                                        ^[0m
[0m[[0m[33mwarn[0m] [0m[0m/data/longxin/learning/ic_design/chisel-template/src/main/scala/npc_code/EXU.scala:49:74: method copyArrayToImmutableIndexedSeq in class LowPriorityImplicits2 is deprecated (since 2.13.0): Implicit conversions from Array to immutable.IndexedSeq are implemented by copying; Use the more efficient non-copying ArraySeq.unsafeWrapArray or an explicit toIndexedSeq call[0m
[0m[[0m[33mwarn[0m] [0m[0m    type_I_answer := Mux((io.exu_instype === 1.U),MuxCase(0.U(64.W),Array([0m
[0m[[0m[33mwarn[0m] [0m[0m                                                                         ^[0m
[0m[[0m[33mwarn[0m] [0m[0m/data/longxin/learning/ic_design/chisel-template/src/main/scala/npc_code/EXU.scala:67:95: method copyArrayToImmutableIndexedSeq in class LowPriorityImplicits2 is deprecated (since 2.13.0): Implicit conversions from Array to immutable.IndexedSeq are implemented by copying; Use the more efficient non-copying ArraySeq.unsafeWrapArray or an explicit toIndexedSeq call[0m
[0m[[0m[33mwarn[0m] [0m[0m    Riscv_Reg(io.exu_dest) := Mux((io.exu_enable === 1.U),MuxCase(Riscv_Reg(io.exu_dest),Array([0m
[0m[[0m[33mwarn[0m] [0m[0m                                                                                              ^[0m
[0m[[0m[33mwarn[0m] [0m[0mCanceling execution...[0m
[0m[[0m[0mdebug[0m] [0m[0mForcing garbage collection...[0m
[0m[[0m[33mwarn[0m] [0m[0m6 warnings found[0m
[0m[[0m[0minfo[0m] [0m[0mCompilation has been cancelled[0m
[0m[[0m[31merror[0m] [0m[0mCancelled: test[0m
[0m[[0m[31merror[0m] [0m[0mCancelled: test[0m
[0m[[0m[31merror[0m] [0m[0mUse 'last' for the full log.[0m
[0m[[0m[0mdebug[0m] [0m[0m> Exec(shell, None, None)[0m
