[0m[[0m[0mdebug[0m] [0m[0m> Exec(run, Some(8e23a484-34cb-436e-b24f-7eab07eb135e), Some(CommandSource(console0)))[0m
[0m[[0m[0mdebug[0m] [0m[0mEvaluating tasks: Compile / run[0m
[0m[[0m[0mdebug[0m] [0m[0mRunning task... Cancel: Signal, check cycles: false, forcegc: true[0m
[0m[[0m[0minfo[0m] [0m[0mcompiling 1 Scala source to /media/ddddddd/40d0728b-21f5-4125-bf84-4d623a60d871/ddddddd/Documents/Xilinx_FPGA/chisel-template/target/scala-2.13/classes ...[0m
[0m[[0m[33mwarn[0m] [0m[0m/media/ddddddd/40d0728b-21f5-4125-bf84-4d623a60d871/ddddddd/Documents/Xilinx_FPGA/chisel-template/src/main/scala/mips_cpu/core/cu.scala:42:41: method copyArrayToImmutableIndexedSeq in class LowPriorityImplicits2 is deprecated (since 2.13.0): Implicit conversions from Array to immutable.IndexedSeq are implemented by copying; Use the more efficient non-copying ArraySeq.unsafeWrapArray or an explicit toIndexedSeq call[0m
[0m[[0m[33mwarn[0m] [0m[0m    ins_id := MuxCase(1.U<<ID_NULL,Array([0m
[0m[[0m[33mwarn[0m] [0m[0m                                        ^[0m
[0m[[0m[33mwarn[0m] [0m[0m/media/ddddddd/40d0728b-21f5-4125-bf84-4d623a60d871/ddddddd/Documents/Xilinx_FPGA/chisel-template/src/main/scala/mips_cpu/core/cu.scala:64:59: method copyArrayToImmutableIndexedSeq in class LowPriorityImplicits2 is deprecated (since 2.13.0): Implicit conversions from Array to immutable.IndexedSeq are implemented by copying; Use the more efficient non-copying ArraySeq.unsafeWrapArray or an explicit toIndexedSeq call[0m
[0m[[0m[33mwarn[0m] [0m[0m        (OpD === OP_SPECIAL) -> MuxCase(1.U<<ID_NULL,Array( // åœ¨opç›¸åŒæƒ…å†µä¸‹ï¼Œæ ¹æ®functæ¥åˆ¤æ–­æ˜¯å“ªä¸€æ¡æŒ‡ä»¤ è¿™ä¸ªå¾—å†™ç‰¹åˆ¤[0m
[0m[[0m[33mwarn[0m] [0m[0m                                                          ^[0m
[0m[[0m[33mwarn[0m] [0m[0m/media/ddddddd/40d0728b-21f5-4125-bf84-4d623a60d871/ddddddd/Documents/Xilinx_FPGA/chisel-template/src/main/scala/mips_cpu/core/cu.scala:94:58: method copyArrayToImmutableIndexedSeq in class LowPriorityImplicits2 is deprecated (since 2.13.0): Implicit conversions from Array to immutable.IndexedSeq are implemented by copying; Use the more efficient non-copying ArraySeq.unsafeWrapArray or an explicit toIndexedSeq call[0m
[0m[[0m[33mwarn[0m] [0m[0m        (OpD === OP_BRANCH) -> MuxCase(1.U<<ID_NULL,Array( //åŽé¢è¿™é‡Œå¯ä»¥æ”¹,åœ¨idæ—¶å°±å¼€å§‹ç®—åˆ†æ”¯[0m
[0m[[0m[33mwarn[0m] [0m[0m                                                         ^[0m
[0m[[0m[33mwarn[0m] [0m[0m/media/ddddddd/40d0728b-21f5-4125-bf84-4d623a60d871/ddddddd/Documents/Xilinx_FPGA/chisel-template/src/main/scala/mips_cpu/core/cu.scala:100:61: method copyArrayToImmutableIndexedSeq in class LowPriorityImplicits2 is deprecated (since 2.13.0): Implicit conversions from Array to immutable.IndexedSeq are implemented by copying; Use the more efficient non-copying ArraySeq.unsafeWrapArray or an explicit toIndexedSeq call[0m
[0m[[0m[33mwarn[0m] [0m[0m        (OpD === OP_PRIVILEGE) -> MuxCase(1.U<<ID_NULL,Array( //åŽé¢è¿™é‡Œå¯ä»¥æ”¹,åœ¨idæ—¶å°±å¼€å§‹ç®—åˆ†æ”¯[0m
[0m[[0m[33mwarn[0m] [0m[0m                                                            ^[0m
[0m[[0m[33mwarn[0m] [0m[0mfour warnings found[0m
[0m[[0m[0mdebug[0m] [0m[0mForcing garbage collection...[0m
[0m[[0m[32msuccess[0m] [0m[0mTotal time: 7 s, completed May 12, 2022, 12:46:31 AM[0m
[0m[[0m[0mdebug[0m] [0m[0m> Exec(shell, None, None)[0m
[0m[[0m[0mdebug[0m] [0m[0mForcing garbage collection...[0m
