[0m[[0m[0mdebug[0m] [0m[0m> Exec(test, Some(fb84fb58-f184-4871-adcd-d1fa71f6f551), Some(CommandSource(console0)))[0m
[0m[[0m[0mdebug[0m] [0m[0mEvaluating tasks: Test / test[0m
[0m[[0m[0mdebug[0m] [0m[0mRunning task... Cancel: Signal, check cycles: false, forcegc: true[0m
[0m[[0m[0minfo[0m] [0m[0mcompiling 68 Scala sources to /data/longxin/learning/ic_design/chisel-template/target/scala-2.13/classes ...[0m
[0m[[0m[33mwarn[0m] [0m[0m/data/longxin/learning/ic_design/chisel-template/src/main/scala/mips_cpu_cache/core/cu.scala:132:51: method copyArrayToImmutableIndexedSeq in class LowPriorityImplicits2 is deprecated (since 2.13.0): Implicit conversions from Array to immutable.IndexedSeq are implemented by copying; Use the more efficient non-copying ArraySeq.unsafeWrapArray or an explicit toIndexedSeq call[0m
[0m[[0m[33mwarn[0m] [0m[0m        ( OP_BRANCH) -> MuxCase(1.U<<ID_NULL,Array( //åŽé¢è¿™é‡Œå¯ä»¥æ”¹,åœ¨idæ—¶å°±å¼€å§‹ç®—åˆ†æ”¯[0m
[0m[[0m[33mwarn[0m] [0m[0m                                                  ^[0m
[0m[[0m[33mwarn[0m] [0m[0m/data/longxin/learning/ic_design/chisel-template/src/main/scala/mips_cpu_cache/core/cu.scala:138:54: method copyArrayToImmutableIndexedSeq in class LowPriorityImplicits2 is deprecated (since 2.13.0): Implicit conversions from Array to immutable.IndexedSeq are implemented by copying; Use the more efficient non-copying ArraySeq.unsafeWrapArray or an explicit toIndexedSeq call[0m
[0m[[0m[33mwarn[0m] [0m[0m        ( OP_PRIVILEGE) -> MuxCase(1.U<<ID_NULL,Array( //åŽé¢è¿™é‡Œå¯ä»¥æ”¹,åœ¨idæ—¶å°±å¼€å§‹ç®—åˆ†æ”¯[0m
[0m[[0m[33mwarn[0m] [0m[0m                                                     ^[0m
[0m[[0m[33mwarn[0m] [0m[0m/data/longxin/learning/ic_design/chisel-template/src/main/scala/mips_cpu_cache/core/cu.scala:393:51: method copyArrayToImmutableIndexedSeq in class LowPriorityImplicits2 is deprecated (since 2.13.0): Implicit conversions from Array to immutable.IndexedSeq are implemented by copying; Use the more efficient non-copying ArraySeq.unsafeWrapArray or an explicit toIndexedSeq call[0m
[0m[[0m[33mwarn[0m] [0m[0m        ( OP_PRIVILEGE) -> MuxCase(ID_NULL.U,Array( //åŽé¢è¿™é‡Œå¯ä»¥æ”¹,åœ¨idæ—¶å°±å¼€å§‹ç®—åˆ†æ”¯[0m
[0m[[0m[33mwarn[0m] [0m[0m                                                  ^[0m
[0m[[0m[33mwarn[0m] [0m[0m/data/longxin/learning/ic_design/chisel-template/src/main/scala/npc_code/EXU.scala:18:41: method copyArrayToImmutableIndexedSeq in class LowPriorityImplicits2 is deprecated (since 2.13.0): Implicit conversions from Array to immutable.IndexedSeq are implemented by copying; Use the more efficient non-copying ArraySeq.unsafeWrapArray or an explicit toIndexedSeq call[0m
[0m[[0m[33mwarn[0m] [0m[0m    io.answer := MuxCase(0.U(64.W),Array([0m
[0m[[0m[33mwarn[0m] [0m[0m                                        ^[0m
[0m[[0m[33mwarn[0m] [0m[0m/data/longxin/learning/ic_design/chisel-template/src/main/scala/npc_code/EXU.scala:49:74: method copyArrayToImmutableIndexedSeq in class LowPriorityImplicits2 is deprecated (since 2.13.0): Implicit conversions from Array to immutable.IndexedSeq are implemented by copying; Use the more efficient non-copying ArraySeq.unsafeWrapArray or an explicit toIndexedSeq call[0m
[0m[[0m[33mwarn[0m] [0m[0m    type_I_answer := Mux((io.exu_instype === 1.U),MuxCase(0.U(64.W),Array([0m
[0m[[0m[33mwarn[0m] [0m[0m                                                                         ^[0m
[0m[[0m[33mwarn[0m] [0m[0m/data/longxin/learning/ic_design/chisel-template/src/main/scala/npc_code/EXU.scala:67:95: method copyArrayToImmutableIndexedSeq in class LowPriorityImplicits2 is deprecated (since 2.13.0): Implicit conversions from Array to immutable.IndexedSeq are implemented by copying; Use the more efficient non-copying ArraySeq.unsafeWrapArray or an explicit toIndexedSeq call[0m
[0m[[0m[33mwarn[0m] [0m[0m    Riscv_Reg(io.exu_dest) := Mux((io.exu_enable === 1.U),MuxCase(Riscv_Reg(io.exu_dest),Array([0m
[0m[[0m[33mwarn[0m] [0m[0m                                                                                              ^[0m
[0m[[0m[33mwarn[0m] [0m[0m/data/longxin/learning/ic_design/chisel-template/src/main/scala/npc_code/IDU.scala:34:41: method copyArrayToImmutableIndexedSeq in class LowPriorityImplicits2 is deprecated (since 2.13.0): Implicit conversions from Array to immutable.IndexedSeq are implemented by copying; Use the more efficient non-copying ArraySeq.unsafeWrapArray or an explicit toIndexedSeq call[0m
[0m[[0m[33mwarn[0m] [0m[0m    instype  := MuxCase(0xf.U(4.W),Array([0m
[0m[[0m[33mwarn[0m] [0m[0m                                        ^[0m
[0m[[0m[33mwarn[0m] [0m[0m/data/longxin/learning/ic_design/chisel-template/src/main/scala/npc_code/IDU.scala:58:43: method copyArrayToImmutableIndexedSeq in class LowPriorityImplicits2 is deprecated (since 2.13.0): Implicit conversions from Array to immutable.IndexedSeq are implemented by copying; Use the more efficient non-copying ArraySeq.unsafeWrapArray or an explicit toIndexedSeq call[0m
[0m[[0m[33mwarn[0m] [0m[0m    io.idu_src1 := MuxCase(0.U(32.W),Array([0m
[0m[[0m[33mwarn[0m] [0m[0m                                          ^[0m
[0m[[0m[33mwarn[0m] [0m[0m/data/longxin/learning/ic_design/chisel-template/src/main/scala/npc_code/IDU.scala:66:43: method copyArrayToImmutableIndexedSeq in class LowPriorityImplicits2 is deprecated (since 2.13.0): Implicit conversions from Array to immutable.IndexedSeq are implemented by copying; Use the more efficient non-copying ArraySeq.unsafeWrapArray or an explicit toIndexedSeq call[0m
[0m[[0m[33mwarn[0m] [0m[0m    io.idu_src2 := MuxCase(0.U(32.W),Array([0m
[0m[[0m[33mwarn[0m] [0m[0m                                          ^[0m
[0m[[0m[33mwarn[0m] [0m[0m/data/longxin/learning/ic_design/chisel-template/src/main/scala/npc_code/IDU.scala:74:43: method copyArrayToImmutableIndexedSeq in class LowPriorityImplicits2 is deprecated (since 2.13.0): Implicit conversions from Array to immutable.IndexedSeq are implemented by copying; Use the more efficient non-copying ArraySeq.unsafeWrapArray or an explicit toIndexedSeq call[0m
[0m[[0m[33mwarn[0m] [0m[0m    io.idu_dest := MuxCase(0.U(32.W),Array([0m
[0m[[0m[33mwarn[0m] [0m[0m                                          ^[0m
[0m[[0m[33mwarn[0m] [0m[0m/data/longxin/learning/ic_design/chisel-template/src/main/scala/npc_code/EXU.scala:8:7: Generated class examples.Alu differs only in case from examples.alu (defined in alu.scala).[0m
[0m[[0m[33mwarn[0m] [0m[0m  Such classes will overwrite one another on case-insensitive filesystems.[0m
[0m[[0m[33mwarn[0m] [0m[0mclass Alu extends Module {//only decode  the instruction whith the input pc[0m
[0m[[0m[33mwarn[0m] [0m[0m      ^[0m
[0m[[0m[33mwarn[0m] [0m[0m/data/longxin/learning/ic_design/chisel-template/src/main/scala/npc_code/EXU.scala:10:21: Generated class examples.Alu$$anon$1 differs only in case from examples.alu$$anon$1 (defined in alu.scala).[0m
[0m[[0m[33mwarn[0m] [0m[0m  Such classes will overwrite one another on case-insensitive filesystems.[0m
[0m[[0m[33mwarn[0m] [0m[0m    val io = IO(new Bundle { //æœ‰éšå¼çš„æ—¶é’Ÿä¸Žå¤ä½ï¼Œå¹¶ä¸”å¤ä½ä¸ºé«˜ç”µå¹³å¤ä½[0m
[0m[[0m[33mwarn[0m] [0m[0m                    ^[0m
[0m[[0m[33mwarn[0m] [0m[0m12 warnings found[0m
[0m[[0m[0minfo[0m] [0m[0mcompiling 4 Scala sources to /data/longxin/learning/ic_design/chisel-template/target/scala-2.13/test-classes ...[0m
[0m[[0m[0minfo[0m] [0m[0m[32mGCDSpec:[0m[0m
[0m[[0m[0minfo[0m] [0m[0m[32m- Gcd should calculate proper greatest common denominator[0m[0m
[0m[[0m[0minfo[0m] [0m[0m[32mfifo_test:[0m[0m
[0m[[0m[0minfo[0m] [0m[0m[32m- DUt pass is hxz shabi[0m[0m
[0m[[0m[0minfo[0m] [0m[0m[36mRun completed in 2 seconds, 651 milliseconds.[0m[0m
[0m[[0m[0minfo[0m] [0m[0m[36mTotal number of tests run: 2[0m[0m
[0m[[0m[0minfo[0m] [0m[0m[36mSuites: completed 2, aborted 0[0m[0m
[0m[[0m[0minfo[0m] [0m[0m[36mTests: succeeded 2, failed 0, canceled 0, ignored 0, pending 0[0m[0m
[0m[[0m[0minfo[0m] [0m[0m[32mAll tests passed.[0m[0m
[0m[[0m[32msuccess[0m] [0m[0mTotal time: 15 s, completed 2022å¹´7æœˆ13æ—¥ ä¸Šåˆ10:58:41[0m
[0m[[0m[0mdebug[0m] [0m[0m> Exec(shell, None, None)[0m
[0m[[0m[0mdebug[0m] [0m[0mForcing garbage collection...[0m
