2022.07.13 11:29:31 INFO  tracing is disabled for protocol LSP, to enable tracing of incoming and outgoing JSON messages create an empty file at /home/ddddddd/learning/ic_design/chisel-template/src/main/scala/mips_cpu_cache/.metals/lsp.trace.json or /home/ddddddd/.cache/metals/lsp.trace.json[0m
2022.07.13 11:29:32 INFO  logging to file /home/ddddddd/learning/ic_design/chisel-template/src/main/scala/mips_cpu_cache/.metals/metals.log[0m
2022.07.13 11:29:32 INFO  Started: Metals version 0.11.7 in workspace '/home/ddddddd/learning/ic_design/chisel-template/src/main/scala/mips_cpu_cache' for client Visual Studio Code 1.68.1.[0m
2022.07.13 11:29:32 WARN  Can't instantiate JavaInteractiveSemanticdb (version: Some(JdkVersion(17)), jdkHome: /usr/lib/jvm/java-17-openjdk-amd64, javac exists: false)[0m
2022.07.13 11:29:32 INFO  time: initialize in 0.23s[0m
2022.07.13 11:29:32 WARN  Flyway upgrade recommended: H2 2.1.214 is newer than this version of Flyway and support has not been tested. The latest supported version of H2 is 2.1.210.[0m
2022.07.13 11:29:32 WARN  Build server is not auto-connectable.[0m
2022.07.13 11:29:32 WARN  no build tool detected in workspace '/home/ddddddd/learning/ic_design/chisel-template/src/main/scala/mips_cpu_cache'. The most common cause for this problem is that the editor was opened in the wrong working directory, for example if you use sbt then the workspace directory should contain build.sbt. [0m
2022.07.13 11:29:34 WARN  no build target for: /home/ddddddd/learning/ic_design/chisel-template/src/main/scala/mips_cpu_cache/core/dmem.scala[0m
2022.07.13 11:29:35 WARN  no build target for: /home/ddddddd/learning/ic_design/chisel-template/src/main/scala/mips_cpu_cache/core/myCPU.scala[0m
2022.07.13 11:29:37 INFO  no build target found for /home/ddddddd/learning/ic_design/chisel-template/src/main/scala/mips_cpu_cache/core/dmem.scala. Using presentation compiler with project's scala-library version: 3.1.3[0m
2022.07.13 11:29:39 INFO  time: code lens generation in 4.38s[0m
2022.07.13 11:29:39 INFO  time: code lens generation in 4s[0m
2022.07.13 11:29:39 INFO  time: code lens generation in 4s[0m
Jul 14, 2022 12:06:01 PM org.eclipse.lsp4j.jsonrpc.RemoteEndpoint handleCancellation
WARNING: Unmatched cancel notification for request id 252
Jul 14, 2022 4:10:25 PM org.eclipse.lsp4j.jsonrpc.services.GenericEndpoint notify
INFO: Unsupported notification method: $/setTrace
Jul 14, 2022 4:30:01 PM org.eclipse.lsp4j.jsonrpc.services.GenericEndpoint notify
INFO: Unsupported notification method: $/setTrace
2022.07.15 12:06:16 INFO  shutting down Metals[0m
2022.07.16 22:31:26 INFO  tracing is disabled for protocol LSP, to enable tracing of incoming and outgoing JSON messages create an empty file at /home/ddddddd/learning/ic_design/chisel-template/src/main/scala/mips_cpu_cache/.metals/lsp.trace.json or /home/ddddddd/.cache/metals/lsp.trace.json
2022.07.16 22:31:26 INFO  logging to file /home/ddddddd/learning/ic_design/chisel-template/src/main/scala/mips_cpu_cache/.metals/metals.log
2022.07.16 22:31:26 INFO  Started: Metals version 0.11.7 in workspace '/home/ddddddd/learning/ic_design/chisel-template/src/main/scala/mips_cpu_cache' for client Visual Studio Code 1.68.1.
2022.07.16 22:31:26 WARN  Can't instantiate JavaInteractiveSemanticdb (version: Some(JdkVersion(17)), jdkHome: /usr/lib/jvm/java-17-openjdk-amd64, javac exists: false)
2022.07.16 22:31:27 INFO  time: initialize in 0.26s
2022.07.16 22:31:27 WARN  Flyway upgrade recommended: H2 2.1.214 is newer than this version of Flyway and support has not been tested. The latest supported version of H2 is 2.1.210.
2022.07.16 22:31:27 WARN  Build server is not auto-connectable.
2022.07.16 22:31:27 WARN  no build tool detected in workspace '/home/ddddddd/learning/ic_design/chisel-template/src/main/scala/mips_cpu_cache'. The most common cause for this problem is that the editor was opened in the wrong working directory, for example if you use sbt then the workspace directory should contain build.sbt. 
2022.07.16 22:31:30 WARN  no build target for: /home/ddddddd/learning/ic_design/chisel-template/src/main/scala/mips_cpu_cache/core/myCPU.scala
2022.07.16 22:31:36 INFO  no build target found for /home/ddddddd/learning/ic_design/chisel-template/src/main/scala/mips_cpu_cache/core/myCPU.scala. Using presentation compiler with project's scala-library version: 3.1.3
2022.07.16 22:31:38 INFO  time: code lens generation in 6.46s
2022.07.17 23:07:29 INFO  tracing is disabled for protocol LSP, to enable tracing of incoming and outgoing JSON messages create an empty file at /home/ddddddd/learning/ic_design/chisel-template/src/main/scala/mips_cpu_cache/.metals/lsp.trace.json or /home/ddddddd/.cache/metals/lsp.trace.json
2022.07.17 23:07:30 INFO  logging to file /home/ddddddd/learning/ic_design/chisel-template/src/main/scala/mips_cpu_cache/.metals/metals.log
2022.07.17 23:07:30 INFO  Started: Metals version 0.11.7 in workspace '/home/ddddddd/learning/ic_design/chisel-template/src/main/scala/mips_cpu_cache' for client Visual Studio Code 1.68.1.
2022.07.17 23:07:30 WARN  Can't instantiate JavaInteractiveSemanticdb (version: Some(JdkVersion(17)), jdkHome: /usr/lib/jvm/java-17-openjdk-amd64, javac exists: false)
2022.07.17 23:07:30 INFO  time: initialize in 0.25s
2022.07.17 23:07:30 WARN  Flyway upgrade recommended: H2 2.1.214 is newer than this version of Flyway and support has not been tested. The latest supported version of H2 is 2.1.210.
2022.07.17 23:07:30 WARN  Build server is not auto-connectable.
2022.07.17 23:07:30 WARN  no build tool detected in workspace '/home/ddddddd/learning/ic_design/chisel-template/src/main/scala/mips_cpu_cache'. The most common cause for this problem is that the editor was opened in the wrong working directory, for example if you use sbt then the workspace directory should contain build.sbt. 
2022.07.17 23:07:34 WARN  no build target for: /home/ddddddd/learning/ic_design/chisel-template/src/main/scala/mips_cpu_cache/core/myCPU.scala
2022.07.17 23:07:40 INFO  no build target found for /home/ddddddd/learning/ic_design/chisel-template/src/main/scala/mips_cpu_cache/core/myCPU.scala. Using presentation compiler with project's scala-library version: 3.1.3
2022.07.17 23:07:42 INFO  time: code lens generation in 6.83s
Jul 18, 2022 12:19:35 AM org.eclipse.lsp4j.jsonrpc.services.GenericEndpoint notify
INFO: Unsupported notification method: $/setTrace
2022.07.18 00:23:37 WARN  no build target for: /home/ddddddd/learning/ic_design/chisel-template/src/main/scala/mips_cpu_cache/core/myCPU.scala
2022.07.18 00:23:42 WARN  no build target for: /home/ddddddd/learning/ic_design/chisel-template/src/main/scala/mips_cpu_cache/core/myCPU.scala
2022.07.18 00:25:05 WARN  no build target for: /home/ddddddd/learning/ic_design/chisel-template/src/main/scala/mips_cpu_cache/core/myCPU.scala
2022.07.18 00:25:07 WARN  no build target for: /home/ddddddd/learning/ic_design/chisel-template/src/main/scala/mips_cpu_cache/core/myCPU.scala
Jul 18, 2022 12:27:17 AM org.eclipse.lsp4j.jsonrpc.RemoteEndpoint handleCancellation
WARNING: Unmatched cancel notification for request id 133
2022.07.18 00:28:31 WARN  no build target for: /home/ddddddd/learning/ic_design/chisel-template/src/main/scala/mips_cpu_cache/core/myCPU.scala
2022.07.18 00:28:35 WARN  no build target for: /home/ddddddd/learning/ic_design/chisel-template/src/main/scala/mips_cpu_cache/core/myCPU.scala
2022.07.18 00:28:48 WARN  no build target for: /home/ddddddd/learning/ic_design/chisel-template/src/main/scala/mips_cpu_cache/core/myCPU.scala
2022.07.18 00:28:59 WARN  no build target for: /home/ddddddd/learning/ic_design/chisel-template/src/main/scala/mips_cpu_cache/core/myCPU.scala
2022.07.18 00:29:06 WARN  no build target for: /home/ddddddd/learning/ic_design/chisel-template/src/main/scala/mips_cpu_cache/core/myCPU.scala
2022.07.18 00:29:09 WARN  no build target for: /home/ddddddd/learning/ic_design/chisel-template/src/main/scala/mips_cpu_cache/core/myCPU.scala
2022.07.18 00:29:12 WARN  no build target for: /home/ddddddd/learning/ic_design/chisel-template/src/main/scala/mips_cpu_cache/core/myCPU.scala
2022.07.18 00:29:37 WARN  no build target for: /home/ddddddd/learning/ic_design/chisel-template/src/main/scala/mips_cpu_cache/core/myCPU.scala
2022.07.18 00:31:01 WARN  no build target for: /home/ddddddd/learning/ic_design/chisel-template/src/main/scala/mips_cpu_cache/core/myCPU.scala
2022.07.18 00:31:07 WARN  no build target for: /home/ddddddd/learning/ic_design/chisel-template/src/main/scala/mips_cpu_cache/core/myCPU.scala
2022.07.18 00:31:22 WARN  no build target for: /home/ddddddd/learning/ic_design/chisel-template/src/main/scala/mips_cpu_cache/core/myCPU.scala
2022.07.18 00:31:26 WARN  no build target for: /home/ddddddd/learning/ic_design/chisel-template/src/main/scala/mips_cpu_cache/core/myCPU.scala
2022.07.18 00:31:28 WARN  no build target for: /home/ddddddd/learning/ic_design/chisel-template/src/main/scala/mips_cpu_cache/core/myCPU.scala
2022.07.18 00:31:31 WARN  no build target for: /home/ddddddd/learning/ic_design/chisel-template/src/main/scala/mips_cpu_cache/core/myCPU.scala
2022.07.18 00:31:32 WARN  no build target for: /home/ddddddd/learning/ic_design/chisel-template/src/main/scala/mips_cpu_cache/core/myCPU.scala
Jul 18, 2022 12:31:32 AM org.eclipse.lsp4j.jsonrpc.RemoteEndpoint handleCancellation
WARNING: Unmatched cancel notification for request id 491
2022.07.18 00:31:33 WARN  no build target for: /home/ddddddd/learning/ic_design/chisel-template/src/main/scala/mips_cpu_cache/core/myCPU.scala
2022.07.18 00:31:35 WARN  no build target for: /home/ddddddd/learning/ic_design/chisel-template/src/main/scala/mips_cpu_cache/core/myCPU.scala
Jul 18, 2022 12:31:39 AM org.eclipse.lsp4j.jsonrpc.RemoteEndpoint handleCancellation
WARNING: Unmatched cancel notification for request id 517
2022.07.18 00:31:41 WARN  no build target for: /home/ddddddd/learning/ic_design/chisel-template/src/main/scala/mips_cpu_cache/core/myCPU.scala
2022.07.18 00:31:46 WARN  no build target for: /home/ddddddd/learning/ic_design/chisel-template/src/main/scala/mips_cpu_cache/core/myCPU.scala
Jul 18, 2022 12:31:47 AM org.eclipse.lsp4j.jsonrpc.RemoteEndpoint handleCancellation
WARNING: Unmatched cancel notification for request id 551
2022.07.18 00:31:56 WARN  no build target for: /home/ddddddd/learning/ic_design/chisel-template/src/main/scala/mips_cpu_cache/core/myCPU.scala
2022.07.18 00:32:02 WARN  no build target for: /home/ddddddd/learning/ic_design/chisel-template/src/main/scala/mips_cpu_cache/core/myCPU.scala
2022.07.18 00:32:11 WARN  no build target for: /home/ddddddd/learning/ic_design/chisel-template/src/main/scala/mips_cpu_cache/core/myCPU.scala
2022.07.18 00:32:16 WARN  no build target for: /home/ddddddd/learning/ic_design/chisel-template/src/main/scala/mips_cpu_cache/core/myCPU.scala
2022.07.18 00:32:28 WARN  no build target for: /home/ddddddd/learning/ic_design/chisel-template/src/main/scala/mips_cpu_cache/core/myCPU.scala
2022.07.18 00:32:30 WARN  no build target for: /home/ddddddd/learning/ic_design/chisel-template/src/main/scala/mips_cpu_cache/core/myCPU.scala
2022.07.18 00:32:32 WARN  no build target for: /home/ddddddd/learning/ic_design/chisel-template/src/main/scala/mips_cpu_cache/core/myCPU.scala
2022.07.18 00:32:40 WARN  no build target for: /home/ddddddd/learning/ic_design/chisel-template/src/main/scala/mips_cpu_cache/core/myCPU.scala
2022.07.18 00:32:44 WARN  no build target for: /home/ddddddd/learning/ic_design/chisel-template/src/main/scala/mips_cpu_cache/core/myCPU.scala
2022.07.18 00:32:48 WARN  no build target for: /home/ddddddd/learning/ic_design/chisel-template/src/main/scala/mips_cpu_cache/core/myCPU.scala
2022.07.18 00:32:52 WARN  no build target for: /home/ddddddd/learning/ic_design/chisel-template/src/main/scala/mips_cpu_cache/core/myCPU.scala
Jul 18, 2022 12:33:02 AM scala.meta.internal.pc.CompilerAccess handleError
SEVERE: Comparison method violates its general contract!
java.lang.IllegalArgumentException: Comparison method violates its general contract!
	at java.base/java.util.TimSort.mergeHi(TimSort.java:903)
	at java.base/java.util.TimSort.mergeAt(TimSort.java:520)
	at java.base/java.util.TimSort.mergeCollapse(TimSort.java:448)
	at java.base/java.util.TimSort.sort(TimSort.java:245)
	at java.base/java.util.Arrays.sort(Arrays.java:1233)
	at scala.collection.SeqOps.sorted(Seq.scala:700)
	at scala.collection.SeqOps.sorted$(Seq.scala:692)
	at scala.collection.immutable.List.scala$collection$immutable$StrictOptimizedSeqOps$$super$sorted(List.scala:79)
	at scala.collection.immutable.StrictOptimizedSeqOps.sorted(StrictOptimizedSeqOps.scala:78)
	at scala.collection.immutable.StrictOptimizedSeqOps.sorted$(StrictOptimizedSeqOps.scala:78)
	at scala.collection.immutable.List.sorted(List.scala:79)
	at scala.meta.internal.pc.completions.Completions.completions(Completions.scala:84)
	at scala.meta.internal.pc.completions.CompletionsProvider.completions(CompletionsProvider.scala:68)

2022.07.18 00:33:05 WARN  no build target for: /home/ddddddd/learning/ic_design/chisel-template/src/main/scala/mips_cpu_cache/core/myCPU.scala
2022.07.18 00:33:09 WARN  no build target for: /home/ddddddd/learning/ic_design/chisel-template/src/main/scala/mips_cpu_cache/core/myCPU.scala
2022.07.18 00:33:11 WARN  no build target for: /home/ddddddd/learning/ic_design/chisel-template/src/main/scala/mips_cpu_cache/core/myCPU.scala
2022.07.18 00:33:17 WARN  no build target for: /home/ddddddd/learning/ic_design/chisel-template/src/main/scala/mips_cpu_cache/core/myCPU.scala
2022.07.18 00:33:27 WARN  no build target for: /home/ddddddd/learning/ic_design/chisel-template/src/main/scala/mips_cpu_cache/core/myCPU.scala
2022.07.18 00:33:35 WARN  no build target for: /home/ddddddd/learning/ic_design/chisel-template/src/main/scala/mips_cpu_cache/core/myCPU.scala
2022.07.18 00:33:39 WARN  no build target for: /home/ddddddd/learning/ic_design/chisel-template/src/main/scala/mips_cpu_cache/core/myCPU.scala
2022.07.18 00:33:47 WARN  no build target for: /home/ddddddd/learning/ic_design/chisel-template/src/main/scala/mips_cpu_cache/core/myCPU.scala
2022.07.18 00:34:09 WARN  no build target for: /home/ddddddd/learning/ic_design/chisel-template/src/main/scala/mips_cpu_cache/core/myCPU.scala
2022.07.18 00:34:13 WARN  no build target for: /home/ddddddd/learning/ic_design/chisel-template/src/main/scala/mips_cpu_cache/core/myCPU.scala
2022.07.18 00:35:05 WARN  no build target for: /home/ddddddd/learning/ic_design/chisel-template/src/main/scala/mips_cpu_cache/core/mmu.scala
2022.07.18 01:13:19 WARN  no build target for: /home/ddddddd/learning/ic_design/chisel-template/src/main/scala/mips_cpu_cache/core/mmu.scala
2022.07.18 01:13:20 WARN  no build target for: /home/ddddddd/learning/ic_design/chisel-template/src/main/scala/mips_cpu_cache/core/mmu.scala
Jul 18, 2022 8:54:04 AM org.eclipse.lsp4j.jsonrpc.RemoteEndpoint fallbackResponseError
SEVERE: Internal error: file:///home/ddddddd/learning/ic_design/chisel-template/src/main/scala/mips_cpu_cache/core/mmu.scala:29: error: illegal character '\uff1b'
        (Cat(wid；立刻io+--th,rd) === "b1100".U) -> 0.U,
                ^
java.util.concurrent.CompletionException: file:///home/ddddddd/learning/ic_design/chisel-template/src/main/scala/mips_cpu_cache/core/mmu.scala:29: error: illegal character '\uff1b'
        (Cat(wid；立刻io+--th,rd) === "b1100".U) -> 0.U,
                ^
	at java.base/java.util.concurrent.CompletableFuture.encodeThrowable(CompletableFuture.java:332)
	at java.base/java.util.concurrent.CompletableFuture.completeThrowable(CompletableFuture.java:347)
	at java.base/java.util.concurrent.CompletableFuture$UniAccept.tryFire(CompletableFuture.java:708)
	at java.base/java.util.concurrent.CompletableFuture.postComplete(CompletableFuture.java:510)
	at java.base/java.util.concurrent.CompletableFuture.completeExceptionally(CompletableFuture.java:2162)
	at scala.meta.internal.metals.CancelTokens$.$anonfun$future$1(CancelTokens.scala:40)
	at scala.meta.internal.metals.CancelTokens$.$anonfun$future$1$adapted(CancelTokens.scala:38)
	at scala.concurrent.impl.Promise$Transformation.run(Promise.scala:484)
	at java.base/java.util.concurrent.ThreadPoolExecutor.runWorker(ThreadPoolExecutor.java:1136)
	at java.base/java.util.concurrent.ThreadPoolExecutor$Worker.run(ThreadPoolExecutor.java:635)
	at java.base/java.lang.Thread.run(Thread.java:833)
Caused by: file:///home/ddddddd/learning/ic_design/chisel-template/src/main/scala/mips_cpu_cache/core/mmu.scala:29: error: illegal character '\uff1b'
        (Cat(wid；立刻io+--th,rd) === "b1100".U) -> 0.U,
                ^
	at scala.meta.internal.tokenizers.Reporter.syntaxError(Reporter.scala:23)
	at scala.meta.internal.tokenizers.Reporter.syntaxError$(Reporter.scala:23)
	at scala.meta.internal.tokenizers.Reporter$$anon$1.syntaxError(Reporter.scala:33)
	at scala.meta.internal.tokenizers.Reporter.syntaxError(Reporter.scala:25)
	at scala.meta.internal.tokenizers.Reporter.syntaxError$(Reporter.scala:25)
	at scala.meta.internal.tokenizers.Reporter$$anon$1.syntaxError(Reporter.scala:33)
	at scala.meta.internal.tokenizers.LegacyScanner.fetchOther$1(LegacyScanner.scala:501)
	at scala.meta.internal.tokenizers.LegacyScanner.fetchToken(LegacyScanner.scala:506)
	at scala.meta.internal.tokenizers.LegacyScanner.nextToken(LegacyScanner.scala:245)
	at scala.meta.internal.mtags.ScalaToplevelMtags.acceptBalancedDelimeters(ScalaToplevelMtags.scala:274)
	at scala.meta.internal.mtags.ScalaToplevelMtags.loop(ScalaToplevelMtags.scala:188)
	at scala.meta.internal.mtags.ScalaToplevelMtags.indexRoot(ScalaToplevelMtags.scala:50)
	at scala.meta.internal.mtags.MtagsIndexer.index(MtagsIndexer.scala:19)
	at scala.meta.internal.mtags.MtagsIndexer.index$(MtagsIndexer.scala:18)
	at scala.meta.internal.mtags.ScalaToplevelMtags.index(ScalaToplevelMtags.scala:40)
	at scala.meta.internal.mtags.Mtags$.allToplevels(Mtags.scala:96)
	at scala.meta.internal.metals.DefinitionProvider.fromMtags(DefinitionProvider.scala:269)
	at scala.meta.internal.metals.DefinitionProvider.$anonfun$positionOccurrence$3(DefinitionProvider.scala:202)
	at scala.Option.orElse(Option.scala:477)
	at scala.meta.internal.metals.DefinitionProvider.$anonfun$positionOccurrence$1(DefinitionProvider.scala:202)
	at scala.Option.flatMap(Option.scala:283)
	at scala.meta.internal.metals.DefinitionProvider.positionOccurrence(DefinitionProvider.scala:197)
	at scala.meta.internal.metals.DocumentHighlightProvider.$anonfun$documentHighlight$1(DocumentHighlightProvider.scala:33)
	at scala.collection.immutable.List.map(List.scala:246)
	at scala.meta.internal.metals.DocumentHighlightProvider.documentHighlight(DocumentHighlightProvider.scala:29)
	at scala.meta.internal.metals.MetalsLanguageServer.$anonfun$documentHighlights$1(MetalsLanguageServer.scala:1480)
	at scala.meta.internal.metals.CancelTokens$.$anonfun$apply$2(CancelTokens.scala:26)
	at scala.concurrent.Future$.$anonfun$apply$1(Future.scala:678)
	at scala.concurrent.impl.Promise$Transformation.run(Promise.scala:467)
	... 3 more

2022.07.18 08:54:07 WARN  no build target for: /home/ddddddd/learning/ic_design/chisel-template/src/main/scala/mips_cpu_cache/core/mmu.scala
2022.07.18 08:58:05 WARN  no build target for: /home/ddddddd/learning/ic_design/chisel-template/src/main/scala/mips_cpu_cache/core/myCPU.scala
2022.07.18 08:58:11 WARN  no build target for: /home/ddddddd/learning/ic_design/chisel-template/src/main/scala/mips_cpu_cache/core/myCPU.scala
2022.07.18 08:58:18 WARN  no build target for: /home/ddddddd/learning/ic_design/chisel-template/src/main/scala/mips_cpu_cache/core/myCPU.scala
2022.07.18 08:58:27 WARN  no build target for: /home/ddddddd/learning/ic_design/chisel-template/src/main/scala/mips_cpu_cache/core/myCPU.scala
Jul 18, 2022 8:58:30 AM org.eclipse.lsp4j.jsonrpc.RemoteEndpoint handleCancellation
WARNING: Unmatched cancel notification for request id 1223
2022.07.18 08:58:33 WARN  no build target for: /home/ddddddd/learning/ic_design/chisel-template/src/main/scala/mips_cpu_cache/core/myCPU.scala
2022.07.18 09:01:14 WARN  no build target for: /home/ddddddd/learning/ic_design/chisel-template/src/main/scala/mips_cpu_cache/core/branch_prediction/BHT.scala
2022.07.18 09:01:15 WARN  no build target for: /home/ddddddd/learning/ic_design/chisel-template/src/main/scala/mips_cpu_cache/core/alu.scala
2022.07.18 09:01:19 WARN  no build target for: /home/ddddddd/learning/ic_design/chisel-template/src/main/scala/mips_cpu_cache/core/branch_prediction/BHT.scala
2022.07.18 09:01:21 WARN  no build target for: /home/ddddddd/learning/ic_design/chisel-template/src/main/scala/mips_cpu_cache/core/branch_prediction/BHT.scala
2022.07.18 09:01:22 WARN  no build target for: /home/ddddddd/learning/ic_design/chisel-template/src/main/scala/mips_cpu_cache/core/branch_prediction/branch_prediction.scala
2022.07.18 09:01:24 WARN  no build target for: /home/ddddddd/learning/ic_design/chisel-template/src/main/scala/mips_cpu_cache/core/branch_prediction/branch_prediction.scala
2022.07.18 09:01:25 WARN  no build target for: /home/ddddddd/learning/ic_design/chisel-template/src/main/scala/mips_cpu_cache/core/branch_prediction/BTB.scala
2022.07.18 09:01:27 WARN  no build target for: /home/ddddddd/learning/ic_design/chisel-template/src/main/scala/mips_cpu_cache/core/branch_prediction/BTB.scala
2022.07.18 09:01:27 WARN  no build target for: /home/ddddddd/learning/ic_design/chisel-template/src/main/scala/mips_cpu_cache/core/branch_prediction/PHTS.scala
2022.07.18 09:01:30 WARN  no build target for: /home/ddddddd/learning/ic_design/chisel-template/src/main/scala/mips_cpu_cache/core/branch_prediction/PHTS.scala
2022.07.18 09:01:31 WARN  no build target for: /home/ddddddd/learning/ic_design/chisel-template/src/main/scala/mips_cpu_cache/core/lib/fifo.scala
2022.07.18 09:01:33 WARN  no build target for: /home/ddddddd/learning/ic_design/chisel-template/src/main/scala/mips_cpu_cache/core/lib/fifo.scala
2022.07.18 09:01:34 WARN  no build target for: /home/ddddddd/learning/ic_design/chisel-template/src/main/scala/mips_cpu_cache/core/lib/ports_lookup_table.scala
2022.07.18 09:01:36 WARN  no build target for: /home/ddddddd/learning/ic_design/chisel-template/src/main/scala/mips_cpu_cache/core/lib/ports_lookup_table.scala
2022.07.18 09:04:13 WARN  no build target for: /home/ddddddd/learning/ic_design/chisel-template/src/main/scala/mips_cpu_cache/core/myCPU.scala
2022.07.18 09:04:19 WARN  no build target for: /home/ddddddd/learning/ic_design/chisel-template/src/main/scala/mips_cpu_cache/core/myCPU.scala
2022.07.18 09:04:27 WARN  no build target for: /home/ddddddd/learning/ic_design/chisel-template/src/main/scala/mips_cpu_cache/core/myCPU.scala
2022.07.18 09:04:46 WARN  no build target for: /home/ddddddd/learning/ic_design/chisel-template/src/main/scala/mips_cpu_cache/core/myCPU.scala
2022.07.18 09:06:06 WARN  no build target for: /home/ddddddd/learning/ic_design/chisel-template/src/main/scala/mips_cpu_cache/core/myCPU.scala
2022.07.18 09:06:08 WARN  no build target for: /home/ddddddd/learning/ic_design/chisel-template/src/main/scala/mips_cpu_cache/core/myCPU.scala
2022.07.18 09:06:12 WARN  no build target for: /home/ddddddd/learning/ic_design/chisel-template/src/main/scala/mips_cpu_cache/core/myCPU.scala
2022.07.18 09:07:49 WARN  no build target for: /home/ddddddd/learning/ic_design/chisel-template/src/main/scala/mips_cpu_cache/core/lib/fifo.scala
2022.07.18 09:08:02 WARN  no build target for: /home/ddddddd/learning/ic_design/chisel-template/src/main/scala/mips_cpu_cache/core/lib/fifo.scala
2022.07.18 09:11:03 WARN  no build target for: /home/ddddddd/learning/ic_design/chisel-template/src/main/scala/mips_cpu_cache/core/lib/fifo.scala
2022.07.18 09:11:20 WARN  no build target for: /home/ddddddd/learning/ic_design/chisel-template/src/main/scala/mips_cpu_cache/core/lib/fifo.scala
2022.07.18 09:11:24 WARN  no build target for: /home/ddddddd/learning/ic_design/chisel-template/src/main/scala/mips_cpu_cache/core/lib/fifo.scala
2022.07.18 09:11:28 WARN  no build target for: /home/ddddddd/learning/ic_design/chisel-template/src/main/scala/mips_cpu_cache/core/lib/fifo.scala
2022.07.18 09:11:34 WARN  no build target for: /home/ddddddd/learning/ic_design/chisel-template/src/main/scala/mips_cpu_cache/core/lib/fifo.scala
2022.07.18 09:11:40 WARN  no build target for: /home/ddddddd/learning/ic_design/chisel-template/src/main/scala/mips_cpu_cache/core/lib/fifo.scala
2022.07.18 09:11:47 WARN  no build target for: /home/ddddddd/learning/ic_design/chisel-template/src/main/scala/mips_cpu_cache/core/lib/fifo.scala
2022.07.18 09:11:50 WARN  no build target for: /home/ddddddd/learning/ic_design/chisel-template/src/main/scala/mips_cpu_cache/core/lib/fifo.scala
2022.07.18 09:11:57 WARN  no build target for: /home/ddddddd/learning/ic_design/chisel-template/src/main/scala/mips_cpu_cache/core/lib/fifo.scala
2022.07.18 09:12:01 WARN  no build target for: /home/ddddddd/learning/ic_design/chisel-template/src/main/scala/mips_cpu_cache/core/lib/fifo.scala
2022.07.18 09:12:11 WARN  no build target for: /home/ddddddd/learning/ic_design/chisel-template/src/main/scala/mips_cpu_cache/core/lib/fifo.scala
2022.07.18 09:12:15 WARN  no build target for: /home/ddddddd/learning/ic_design/chisel-template/src/main/scala/mips_cpu_cache/core/lib/fifo.scala
2022.07.18 09:12:16 WARN  no build target for: /home/ddddddd/learning/ic_design/chisel-template/src/main/scala/mips_cpu_cache/core/lib/fifo.scala
2022.07.18 09:12:23 WARN  no build target for: /home/ddddddd/learning/ic_design/chisel-template/src/main/scala/mips_cpu_cache/core/lib/fifo.scala
2022.07.18 09:12:30 WARN  no build target for: /home/ddddddd/learning/ic_design/chisel-template/src/main/scala/mips_cpu_cache/core/lib/fifo.scala
2022.07.18 09:12:38 WARN  no build target for: /home/ddddddd/learning/ic_design/chisel-template/src/main/scala/mips_cpu_cache/core/lib/fifo.scala
2022.07.18 09:12:50 WARN  no build target for: /home/ddddddd/learning/ic_design/chisel-template/src/main/scala/mips_cpu_cache/core/lib/fifo.scala
2022.07.18 09:12:53 WARN  no build target for: /home/ddddddd/learning/ic_design/chisel-template/src/main/scala/mips_cpu_cache/core/lib/fifo.scala
2022.07.18 09:13:00 WARN  no build target for: /home/ddddddd/learning/ic_design/chisel-template/src/main/scala/mips_cpu_cache/core/lib/fifo.scala
2022.07.18 09:13:08 WARN  no build target for: /home/ddddddd/learning/ic_design/chisel-template/src/main/scala/mips_cpu_cache/core/lib/fifo.scala
2022.07.18 09:13:11 WARN  no build target for: /home/ddddddd/learning/ic_design/chisel-template/src/main/scala/mips_cpu_cache/core/lib/fifo.scala
2022.07.18 09:13:14 WARN  no build target for: /home/ddddddd/learning/ic_design/chisel-template/src/main/scala/mips_cpu_cache/core/lib/fifo.scala
2022.07.18 09:13:36 WARN  no build target for: /home/ddddddd/learning/ic_design/chisel-template/src/main/scala/mips_cpu_cache/core/lib/fifo.scala
2022.07.18 09:13:45 WARN  no build target for: /home/ddddddd/learning/ic_design/chisel-template/src/main/scala/mips_cpu_cache/core/lib/fifo.scala
2022.07.18 09:13:50 WARN  no build target for: /home/ddddddd/learning/ic_design/chisel-template/src/main/scala/mips_cpu_cache/core/lib/fifo.scala
2022.07.18 09:13:54 WARN  no build target for: /home/ddddddd/learning/ic_design/chisel-template/src/main/scala/mips_cpu_cache/core/lib/fifo.scala
2022.07.18 09:13:59 WARN  no build target for: /home/ddddddd/learning/ic_design/chisel-template/src/main/scala/mips_cpu_cache/core/lib/fifo.scala
2022.07.18 09:14:01 WARN  no build target for: /home/ddddddd/learning/ic_design/chisel-template/src/main/scala/mips_cpu_cache/core/lib/fifo.scala
2022.07.18 09:14:14 WARN  no build target for: /home/ddddddd/learning/ic_design/chisel-template/src/main/scala/mips_cpu_cache/core/lib/fifo.scala
2022.07.18 09:14:27 WARN  no build target for: /home/ddddddd/learning/ic_design/chisel-template/src/main/scala/mips_cpu_cache/core/lib/fifo.scala
2022.07.18 09:14:32 WARN  no build target for: /home/ddddddd/learning/ic_design/chisel-template/src/main/scala/mips_cpu_cache/core/lib/fifo.scala
2022.07.18 09:14:41 WARN  no build target for: /home/ddddddd/learning/ic_design/chisel-template/src/main/scala/mips_cpu_cache/core/lib/fifo.scala
2022.07.18 09:14:45 WARN  no build target for: /home/ddddddd/learning/ic_design/chisel-template/src/main/scala/mips_cpu_cache/core/lib/fifo.scala
2022.07.18 09:14:47 WARN  no build target for: /home/ddddddd/learning/ic_design/chisel-template/src/main/scala/mips_cpu_cache/core/lib/fifo.scala
2022.07.18 09:14:54 WARN  no build target for: /home/ddddddd/learning/ic_design/chisel-template/src/main/scala/mips_cpu_cache/core/lib/fifo.scala
2022.07.18 09:14:59 WARN  no build target for: /home/ddddddd/learning/ic_design/chisel-template/src/main/scala/mips_cpu_cache/core/lib/fifo.scala
2022.07.18 09:15:06 WARN  no build target for: /home/ddddddd/learning/ic_design/chisel-template/src/main/scala/mips_cpu_cache/core/lib/fifo.scala
2022.07.18 09:15:10 WARN  no build target for: /home/ddddddd/learning/ic_design/chisel-template/src/main/scala/mips_cpu_cache/core/lib/fifo.scala
2022.07.18 09:15:11 WARN  no build target for: /home/ddddddd/learning/ic_design/chisel-template/src/main/scala/mips_cpu_cache/core/lib/fifo.scala
2022.07.18 09:15:13 WARN  no build target for: /home/ddddddd/learning/ic_design/chisel-template/src/main/scala/mips_cpu_cache/core/lib/fifo.scala
2022.07.18 09:15:50 WARN  no build target for: /home/ddddddd/learning/ic_design/chisel-template/src/main/scala/mips_cpu_cache/core/lib/fifo.scala
2022.07.18 09:15:59 WARN  no build target for: /home/ddddddd/learning/ic_design/chisel-template/src/main/scala/mips_cpu_cache/core/lib/fifo.scala
2022.07.18 09:16:13 WARN  no build target for: /home/ddddddd/learning/ic_design/chisel-template/src/main/scala/mips_cpu_cache/core/lib/fifo.scala
2022.07.18 09:16:21 WARN  no build target for: /home/ddddddd/learning/ic_design/chisel-template/src/main/scala/mips_cpu_cache/core/lib/fifo.scala
2022.07.18 09:16:23 WARN  no build target for: /home/ddddddd/learning/ic_design/chisel-template/src/main/scala/mips_cpu_cache/core/lib/fifo.scala
2022.07.18 09:16:25 WARN  no build target for: /home/ddddddd/learning/ic_design/chisel-template/src/main/scala/mips_cpu_cache/core/lib/fifo.scala
2022.07.18 09:16:28 WARN  no build target for: /home/ddddddd/learning/ic_design/chisel-template/src/main/scala/mips_cpu_cache/core/lib/fifo.scala
2022.07.18 09:16:34 WARN  no build target for: /home/ddddddd/learning/ic_design/chisel-template/src/main/scala/mips_cpu_cache/core/lib/fifo.scala
2022.07.18 09:48:53 WARN  no build target for: /home/ddddddd/learning/ic_design/chisel-template/src/main/scala/mips_cpu_cache/core/lib/fifo.scala
2022.07.18 09:48:55 WARN  no build target for: /home/ddddddd/learning/ic_design/chisel-template/src/main/scala/mips_cpu_cache/core/lib/fifo.scala
2022.07.18 09:51:42 WARN  no build target for: /home/ddddddd/learning/ic_design/chisel-template/src/main/scala/mips_cpu_cache/core/lib/fifo.scala
2022.07.18 09:51:57 WARN  no build target for: /home/ddddddd/learning/ic_design/chisel-template/src/main/scala/mips_cpu_cache/core/lib/fifo.scala
2022.07.18 09:52:14 WARN  no build target for: /home/ddddddd/learning/ic_design/chisel-template/src/main/scala/mips_cpu_cache/core/lib/fifo.scala
2022.07.18 09:52:30 WARN  no build target for: /home/ddddddd/learning/ic_design/chisel-template/src/main/scala/mips_cpu_cache/core/lib/fifo.scala
2022.07.18 09:52:44 WARN  no build target for: /home/ddddddd/learning/ic_design/chisel-template/src/main/scala/mips_cpu_cache/core/lib/fifo.scala
2022.07.18 09:52:49 WARN  no build target for: /home/ddddddd/learning/ic_design/chisel-template/src/main/scala/mips_cpu_cache/core/lib/fifo.scala
Jul 18, 2022 9:52:50 AM org.eclipse.lsp4j.jsonrpc.RemoteEndpoint fallbackResponseError
SEVERE: Internal error: java.lang.StringIndexOutOfBoundsException: begin 4724, end 4758, length 4739
java.util.concurrent.CompletionException: java.lang.StringIndexOutOfBoundsException: begin 4724, end 4758, length 4739
	at java.base/java.util.concurrent.CompletableFuture.encodeThrowable(CompletableFuture.java:332)
	at java.base/java.util.concurrent.CompletableFuture.completeThrowable(CompletableFuture.java:347)
	at java.base/java.util.concurrent.CompletableFuture$UniAccept.tryFire(CompletableFuture.java:708)
	at java.base/java.util.concurrent.CompletableFuture.postComplete(CompletableFuture.java:510)
	at java.base/java.util.concurrent.CompletableFuture.completeExceptionally(CompletableFuture.java:2162)
	at scala.meta.internal.metals.CancelTokens$.$anonfun$future$1(CancelTokens.scala:40)
	at scala.meta.internal.metals.CancelTokens$.$anonfun$future$1$adapted(CancelTokens.scala:38)
	at scala.concurrent.impl.Promise$Transformation.run(Promise.scala:484)
	at java.base/java.util.concurrent.ThreadPoolExecutor.runWorker(ThreadPoolExecutor.java:1136)
	at java.base/java.util.concurrent.ThreadPoolExecutor$Worker.run(ThreadPoolExecutor.java:635)
	at java.base/java.lang.Thread.run(Thread.java:833)
Caused by: java.lang.StringIndexOutOfBoundsException: begin 4724, end 4758, length 4739
	at java.base/java.lang.String.checkBoundsBeginEnd(String.java:4601)
	at java.base/java.lang.String.substring(String.java:2704)
	at scala.meta.internal.metals.codeactions.FlatMapToForComprehensionCodeAction.getIndentForPos(FlatMapToForComprehensionCodeAction.scala:577)
	at scala.meta.internal.metals.codeactions.FlatMapToForComprehensionCodeAction.$anonfun$contribute$4(FlatMapToForComprehensionCodeAction.scala:52)
	at scala.Option.map(Option.scala:242)
	at scala.meta.internal.metals.codeactions.FlatMapToForComprehensionCodeAction.$anonfun$contribute$3(FlatMapToForComprehensionCodeAction.scala:48)
	at scala.Option.flatMap(Option.scala:283)
	at scala.meta.internal.metals.codeactions.FlatMapToForComprehensionCodeAction.$anonfun$contribute$2(FlatMapToForComprehensionCodeAction.scala:47)
	at scala.Option.flatMap(Option.scala:283)
	at scala.meta.internal.metals.codeactions.FlatMapToForComprehensionCodeAction.$anonfun$contribute$1(FlatMapToForComprehensionCodeAction.scala:46)
	at scala.concurrent.Future$.$anonfun$apply$1(Future.scala:678)
	at scala.concurrent.impl.Promise$Transformation.run(Promise.scala:467)
	... 3 more

2022.07.18 09:52:53 WARN  no build target for: /home/ddddddd/learning/ic_design/chisel-template/src/main/scala/mips_cpu_cache/core/lib/fifo.scala
2022.07.18 09:52:55 WARN  no build target for: /home/ddddddd/learning/ic_design/chisel-template/src/main/scala/mips_cpu_cache/core/lib/fifo.scala
2022.07.18 09:52:58 WARN  no build target for: /home/ddddddd/learning/ic_design/chisel-template/src/main/scala/mips_cpu_cache/core/lib/fifo.scala
2022.07.18 10:03:34 WARN  no build target for: /home/ddddddd/learning/ic_design/chisel-template/src/main/scala/mips_cpu_cache/core/lib/fifo.scala
2022.07.18 10:03:37 WARN  no build target for: /home/ddddddd/learning/ic_design/chisel-template/src/main/scala/mips_cpu_cache/core/lib/fifo.scala
2022.07.18 10:03:45 WARN  no build target for: /home/ddddddd/learning/ic_design/chisel-template/src/main/scala/mips_cpu_cache/core/lib/fifo.scala
2022.07.18 10:03:50 WARN  no build target for: /home/ddddddd/learning/ic_design/chisel-template/src/main/scala/mips_cpu_cache/core/lib/fifo.scala
2022.07.18 10:03:57 WARN  no build target for: /home/ddddddd/learning/ic_design/chisel-template/src/main/scala/mips_cpu_cache/core/lib/fifo.scala
2022.07.18 10:03:58 WARN  no build target for: /home/ddddddd/learning/ic_design/chisel-template/src/main/scala/mips_cpu_cache/core/lib/fifo.scala
2022.07.18 10:04:07 WARN  no build target for: /home/ddddddd/learning/ic_design/chisel-template/src/main/scala/mips_cpu_cache/core/lib/fifo.scala
2022.07.18 10:04:12 WARN  no build target for: /home/ddddddd/learning/ic_design/chisel-template/src/main/scala/mips_cpu_cache/core/lib/fifo.scala
2022.07.18 10:04:13 WARN  no build target for: /home/ddddddd/learning/ic_design/chisel-template/src/main/scala/mips_cpu_cache/core/lib/fifo.scala
2022.07.18 10:04:15 WARN  no build target for: /home/ddddddd/learning/ic_design/chisel-template/src/main/scala/mips_cpu_cache/core/lib/fifo.scala
2022.07.18 10:04:21 WARN  no build target for: /home/ddddddd/learning/ic_design/chisel-template/src/main/scala/mips_cpu_cache/core/lib/fifo.scala
2022.07.18 10:04:24 WARN  no build target for: /home/ddddddd/learning/ic_design/chisel-template/src/main/scala/mips_cpu_cache/core/lib/fifo.scala
2022.07.18 10:18:14 WARN  no build target for: /home/ddddddd/learning/ic_design/chisel-template/src/main/scala/mips_cpu_cache/core/lib/fifo.scala
2022.07.18 10:18:22 WARN  no build target for: /home/ddddddd/learning/ic_design/chisel-template/src/main/scala/mips_cpu_cache/core/lib/fifo.scala
2022.07.18 10:18:30 WARN  no build target for: /home/ddddddd/learning/ic_design/chisel-template/src/main/scala/mips_cpu_cache/core/lib/fifo.scala
2022.07.18 10:18:35 WARN  no build target for: /home/ddddddd/learning/ic_design/chisel-template/src/main/scala/mips_cpu_cache/core/lib/fifo.scala
2022.07.18 10:18:38 WARN  no build target for: /home/ddddddd/learning/ic_design/chisel-template/src/main/scala/mips_cpu_cache/core/lib/fifo.scala
2022.07.18 10:18:41 WARN  no build target for: /home/ddddddd/learning/ic_design/chisel-template/src/main/scala/mips_cpu_cache/core/lib/fifo.scala
2022.07.18 10:18:48 WARN  no build target for: /home/ddddddd/learning/ic_design/chisel-template/src/main/scala/mips_cpu_cache/core/lib/fifo.scala
2022.07.18 10:19:15 WARN  no build target for: /home/ddddddd/learning/ic_design/chisel-template/src/main/scala/mips_cpu_cache/core/lib/fifo.scala
2022.07.18 10:19:41 WARN  no build target for: /home/ddddddd/learning/ic_design/chisel-template/src/main/scala/mips_cpu_cache/core/lib/fifo.scala
2022.07.18 10:20:16 WARN  no build target for: /home/ddddddd/learning/ic_design/chisel-template/src/main/scala/mips_cpu_cache/core/myCPU.scala
2022.07.18 10:20:41 WARN  no build target for: /home/ddddddd/learning/ic_design/chisel-template/src/main/scala/mips_cpu_cache/core/lib/fifo.scala
2022.07.18 10:20:44 WARN  no build target for: /home/ddddddd/learning/ic_design/chisel-template/src/main/scala/mips_cpu_cache/core/lib/fifo.scala
2022.07.18 10:20:51 WARN  no build target for: /home/ddddddd/learning/ic_design/chisel-template/src/main/scala/mips_cpu_cache/core/lib/fifo.scala
2022.07.18 10:21:03 WARN  no build target for: /home/ddddddd/learning/ic_design/chisel-template/src/main/scala/mips_cpu_cache/core/lib/fifo.scala
2022.07.18 10:22:20 WARN  no build target for: /home/ddddddd/learning/ic_design/chisel-template/src/main/scala/mips_cpu_cache/core/macros.scala
2022.07.18 10:22:27 WARN  no build target for: /home/ddddddd/learning/ic_design/chisel-template/src/main/scala/mips_cpu_cache/core/macros.scala
Jul 18, 2022 10:22:33 AM org.eclipse.lsp4j.jsonrpc.RemoteEndpoint fallbackResponseError
SEVERE: Internal error: java.lang.reflect.InvocationTargetException
java.lang.RuntimeException: java.lang.reflect.InvocationTargetException
	at org.eclipse.lsp4j.jsonrpc.services.GenericEndpoint.lambda$null$0(GenericEndpoint.java:67)
	at org.eclipse.lsp4j.jsonrpc.services.GenericEndpoint.request(GenericEndpoint.java:120)
	at org.eclipse.lsp4j.jsonrpc.RemoteEndpoint.handleRequest(RemoteEndpoint.java:261)
	at org.eclipse.lsp4j.jsonrpc.RemoteEndpoint.consume(RemoteEndpoint.java:190)
	at org.eclipse.lsp4j.jsonrpc.json.StreamMessageProducer.handleMessage(StreamMessageProducer.java:194)
	at org.eclipse.lsp4j.jsonrpc.json.StreamMessageProducer.listen(StreamMessageProducer.java:94)
	at org.eclipse.lsp4j.jsonrpc.json.ConcurrentMessageProcessor.run(ConcurrentMessageProcessor.java:113)
	at java.base/java.util.concurrent.Executors$RunnableAdapter.call(Executors.java:539)
	at java.base/java.util.concurrent.FutureTask.run(FutureTask.java:264)
	at java.base/java.util.concurrent.ThreadPoolExecutor.runWorker(ThreadPoolExecutor.java:1136)
	at java.base/java.util.concurrent.ThreadPoolExecutor$Worker.run(ThreadPoolExecutor.java:635)
	at java.base/java.lang.Thread.run(Thread.java:833)
Caused by: java.lang.reflect.InvocationTargetException
	at jdk.internal.reflect.GeneratedMethodAccessor2.invoke(Unknown Source)
	at java.base/jdk.internal.reflect.DelegatingMethodAccessorImpl.invoke(DelegatingMethodAccessorImpl.java:43)
	at java.base/java.lang.reflect.Method.invoke(Method.java:568)
	at org.eclipse.lsp4j.jsonrpc.services.GenericEndpoint.lambda$null$0(GenericEndpoint.java:65)
	... 11 more
Caused by: java.lang.IllegalArgumentException: 318 is not a valid line number, allowed [0..304]
	at scala.meta.internal.inputs.InternalInput.lineToOffset(InternalInput.scala:37)
	at scala.meta.internal.inputs.InternalInput.lineToOffset$(InternalInput.scala:32)
	at scala.meta.inputs.Input$VirtualFile.lineToOffset(Input.scala:80)
	at scala.meta.inputs.Position$Range$.apply(Position.scala:59)
	at scala.meta.internal.mtags.MtagsEnrichments$XtensionPositionLspInverse.toMeta(MtagsEnrichments.scala:179)
	at scala.meta.internal.parsing.Trees.$anonfun$findLastEnclosingAt$4(Trees.scala:77)
	at scala.Option.flatMap(Option.scala:283)
	at scala.meta.internal.parsing.Trees.findLastEnclosingAt(Trees.scala:76)
	at scala.meta.internal.metals.codeactions.PatternMatchRefactor.contribute(PatternMatchRefactor.scala:96)
	at scala.meta.internal.metals.CodeActionProvider$$anonfun$1.applyOrElse(CodeActionProvider.scala:66)
	at scala.meta.internal.metals.CodeActionProvider$$anonfun$1.applyOrElse(CodeActionProvider.scala:65)
	at scala.collection.immutable.List.collect(List.scala:275)
	at scala.meta.internal.metals.CodeActionProvider.codeActions(CodeActionProvider.scala:65)
	at scala.meta.internal.metals.MetalsLanguageServer.$anonfun$codeAction$1(MetalsLanguageServer.scala:1652)
	at scala.meta.internal.metals.CancelTokens$.future(CancelTokens.scala:38)
	at scala.meta.internal.metals.MetalsLanguageServer.codeAction(MetalsLanguageServer.scala:1651)
	... 15 more

2022.07.18 10:22:34 WARN  no build target for: /home/ddddddd/learning/ic_design/chisel-template/src/main/scala/mips_cpu_cache/core/macros.scala
Jul 18, 2022 10:22:34 AM org.eclipse.lsp4j.jsonrpc.RemoteEndpoint fallbackResponseError
SEVERE: Internal error: java.lang.reflect.InvocationTargetException
java.lang.RuntimeException: java.lang.reflect.InvocationTargetException
	at org.eclipse.lsp4j.jsonrpc.services.GenericEndpoint.lambda$null$0(GenericEndpoint.java:67)
	at org.eclipse.lsp4j.jsonrpc.services.GenericEndpoint.request(GenericEndpoint.java:120)
	at org.eclipse.lsp4j.jsonrpc.RemoteEndpoint.handleRequest(RemoteEndpoint.java:261)
	at org.eclipse.lsp4j.jsonrpc.RemoteEndpoint.consume(RemoteEndpoint.java:190)
	at org.eclipse.lsp4j.jsonrpc.json.StreamMessageProducer.handleMessage(StreamMessageProducer.java:194)
	at org.eclipse.lsp4j.jsonrpc.json.StreamMessageProducer.listen(StreamMessageProducer.java:94)
	at org.eclipse.lsp4j.jsonrpc.json.ConcurrentMessageProcessor.run(ConcurrentMessageProcessor.java:113)
	at java.base/java.util.concurrent.Executors$RunnableAdapter.call(Executors.java:539)
	at java.base/java.util.concurrent.FutureTask.run(FutureTask.java:264)
	at java.base/java.util.concurrent.ThreadPoolExecutor.runWorker(ThreadPoolExecutor.java:1136)
	at java.base/java.util.concurrent.ThreadPoolExecutor$Worker.run(ThreadPoolExecutor.java:635)
	at java.base/java.lang.Thread.run(Thread.java:833)
Caused by: java.lang.reflect.InvocationTargetException
	at jdk.internal.reflect.GeneratedMethodAccessor2.invoke(Unknown Source)
	at java.base/jdk.internal.reflect.DelegatingMethodAccessorImpl.invoke(DelegatingMethodAccessorImpl.java:43)
	at java.base/java.lang.reflect.Method.invoke(Method.java:568)
	at org.eclipse.lsp4j.jsonrpc.services.GenericEndpoint.lambda$null$0(GenericEndpoint.java:65)
	... 11 more
Caused by: java.lang.IllegalArgumentException: 318 is not a valid line number, allowed [0..304]
	at scala.meta.internal.inputs.InternalInput.lineToOffset(InternalInput.scala:37)
	at scala.meta.internal.inputs.InternalInput.lineToOffset$(InternalInput.scala:32)
	at scala.meta.inputs.Input$VirtualFile.lineToOffset(Input.scala:80)
	at scala.meta.inputs.Position$Range$.apply(Position.scala:59)
	at scala.meta.internal.mtags.MtagsEnrichments$XtensionPositionLspInverse.toMeta(MtagsEnrichments.scala:179)
	at scala.meta.internal.parsing.Trees.$anonfun$findLastEnclosingAt$4(Trees.scala:77)
	at scala.Option.flatMap(Option.scala:283)
	at scala.meta.internal.parsing.Trees.findLastEnclosingAt(Trees.scala:76)
	at scala.meta.internal.metals.codeactions.PatternMatchRefactor.contribute(PatternMatchRefactor.scala:96)
	at scala.meta.internal.metals.CodeActionProvider$$anonfun$1.applyOrElse(CodeActionProvider.scala:66)
	at scala.meta.internal.metals.CodeActionProvider$$anonfun$1.applyOrElse(CodeActionProvider.scala:65)
	at scala.collection.immutable.List.collect(List.scala:275)
	at scala.meta.internal.metals.CodeActionProvider.codeActions(CodeActionProvider.scala:65)
	at scala.meta.internal.metals.MetalsLanguageServer.$anonfun$codeAction$1(MetalsLanguageServer.scala:1652)
	at scala.meta.internal.metals.CancelTokens$.future(CancelTokens.scala:38)
	at scala.meta.internal.metals.MetalsLanguageServer.codeAction(MetalsLanguageServer.scala:1651)
	... 15 more

Jul 18, 2022 10:22:45 AM org.eclipse.lsp4j.jsonrpc.RemoteEndpoint fallbackResponseError
SEVERE: Internal error: java.lang.reflect.InvocationTargetException
java.lang.RuntimeException: java.lang.reflect.InvocationTargetException
	at org.eclipse.lsp4j.jsonrpc.services.GenericEndpoint.lambda$null$0(GenericEndpoint.java:67)
	at org.eclipse.lsp4j.jsonrpc.services.GenericEndpoint.request(GenericEndpoint.java:120)
	at org.eclipse.lsp4j.jsonrpc.RemoteEndpoint.handleRequest(RemoteEndpoint.java:261)
	at org.eclipse.lsp4j.jsonrpc.RemoteEndpoint.consume(RemoteEndpoint.java:190)
	at org.eclipse.lsp4j.jsonrpc.json.StreamMessageProducer.handleMessage(StreamMessageProducer.java:194)
	at org.eclipse.lsp4j.jsonrpc.json.StreamMessageProducer.listen(StreamMessageProducer.java:94)
	at org.eclipse.lsp4j.jsonrpc.json.ConcurrentMessageProcessor.run(ConcurrentMessageProcessor.java:113)
	at java.base/java.util.concurrent.Executors$RunnableAdapter.call(Executors.java:539)
	at java.base/java.util.concurrent.FutureTask.run(FutureTask.java:264)
	at java.base/java.util.concurrent.ThreadPoolExecutor.runWorker(ThreadPoolExecutor.java:1136)
	at java.base/java.util.concurrent.ThreadPoolExecutor$Worker.run(ThreadPoolExecutor.java:635)
	at java.base/java.lang.Thread.run(Thread.java:833)
Caused by: java.lang.reflect.InvocationTargetException
	at jdk.internal.reflect.GeneratedMethodAccessor2.invoke(Unknown Source)
	at java.base/jdk.internal.reflect.DelegatingMethodAccessorImpl.invoke(DelegatingMethodAccessorImpl.java:43)
	at java.base/java.lang.reflect.Method.invoke(Method.java:568)
	at org.eclipse.lsp4j.jsonrpc.services.GenericEndpoint.lambda$null$0(GenericEndpoint.java:65)
	... 11 more
Caused by: java.lang.IllegalArgumentException: 320 is not a valid line number, allowed [0..304]
	at scala.meta.internal.inputs.InternalInput.lineToOffset(InternalInput.scala:37)
	at scala.meta.internal.inputs.InternalInput.lineToOffset$(InternalInput.scala:32)
	at scala.meta.inputs.Input$VirtualFile.lineToOffset(Input.scala:80)
	at scala.meta.inputs.Position$Range$.apply(Position.scala:59)
	at scala.meta.internal.mtags.MtagsEnrichments$XtensionPositionLspInverse.toMeta(MtagsEnrichments.scala:179)
	at scala.meta.internal.parsing.Trees.$anonfun$findLastEnclosingAt$4(Trees.scala:77)
	at scala.Option.flatMap(Option.scala:283)
	at scala.meta.internal.parsing.Trees.findLastEnclosingAt(Trees.scala:76)
	at scala.meta.internal.metals.codeactions.PatternMatchRefactor.contribute(PatternMatchRefactor.scala:96)
	at scala.meta.internal.metals.CodeActionProvider$$anonfun$1.applyOrElse(CodeActionProvider.scala:66)
	at scala.meta.internal.metals.CodeActionProvider$$anonfun$1.applyOrElse(CodeActionProvider.scala:65)
	at scala.collection.immutable.List.collect(List.scala:275)
	at scala.meta.internal.metals.CodeActionProvider.codeActions(CodeActionProvider.scala:65)
	at scala.meta.internal.metals.MetalsLanguageServer.$anonfun$codeAction$1(MetalsLanguageServer.scala:1652)
	at scala.meta.internal.metals.CancelTokens$.future(CancelTokens.scala:38)
	at scala.meta.internal.metals.MetalsLanguageServer.codeAction(MetalsLanguageServer.scala:1651)
	... 15 more

2022.07.18 10:22:49 WARN  no build target for: /home/ddddddd/learning/ic_design/chisel-template/src/main/scala/mips_cpu_cache/core/macros.scala
2022.07.18 10:23:17 WARN  no build target for: /home/ddddddd/learning/ic_design/chisel-template/src/main/scala/mips_cpu_cache/core/macros.scala
2022.07.18 10:23:39 WARN  no build target for: /home/ddddddd/learning/ic_design/chisel-template/src/main/scala/mips_cpu_cache/core/lib/fifo.scala
2022.07.18 10:23:44 WARN  no build target for: /home/ddddddd/learning/ic_design/chisel-template/src/main/scala/mips_cpu_cache/core/lib/fifo.scala
2022.07.18 10:23:46 WARN  no build target for: /home/ddddddd/learning/ic_design/chisel-template/src/main/scala/mips_cpu_cache/core/lib/fifo.scala
2022.07.18 10:23:49 WARN  no build target for: /home/ddddddd/learning/ic_design/chisel-template/src/main/scala/mips_cpu_cache/core/lib/fifo.scala
2022.07.18 10:28:49 WARN  no build target for: /home/ddddddd/learning/ic_design/chisel-template/src/main/scala/mips_cpu_cache/core/myCPU.scala
2022.07.18 10:31:51 WARN  no build target for: /home/ddddddd/learning/ic_design/chisel-template/src/main/scala/mips_cpu_cache/core/myCPU.scala
2022.07.18 10:31:52 WARN  no build target for: /home/ddddddd/learning/ic_design/chisel-template/src/main/scala/mips_cpu_cache/core/myCPU.scala
2022.07.18 10:32:26 WARN  no build target for: /home/ddddddd/learning/ic_design/chisel-template/src/main/scala/mips_cpu_cache/core/myCPU.scala
2022.07.18 10:33:07 WARN  no build target for: /home/ddddddd/learning/ic_design/chisel-template/src/main/scala/mips_cpu_cache/core/myCPU.scala
2022.07.18 10:33:09 WARN  no build target for: /home/ddddddd/learning/ic_design/chisel-template/src/main/scala/mips_cpu_cache/core/myCPU.scala
2022.07.18 10:33:12 WARN  no build target for: /home/ddddddd/learning/ic_design/chisel-template/src/main/scala/mips_cpu_cache/core/myCPU.scala
2022.07.18 10:35:34 WARN  no build target for: /home/ddddddd/learning/ic_design/chisel-template/src/main/scala/mips_cpu_cache/core/myCPU.scala
2022.07.18 10:37:14 WARN  no build target for: /home/ddddddd/learning/ic_design/chisel-template/src/main/scala/mips_cpu_cache/core/myCPU.scala
2022.07.18 10:37:18 WARN  no build target for: /home/ddddddd/learning/ic_design/chisel-template/src/main/scala/mips_cpu_cache/core/myCPU.scala
2022.07.18 10:37:20 WARN  no build target for: /home/ddddddd/learning/ic_design/chisel-template/src/main/scala/mips_cpu_cache/core/myCPU.scala
2022.07.18 10:38:47 WARN  no build target for: /home/ddddddd/learning/ic_design/chisel-template/src/main/scala/mips_cpu_cache/core/myCPU.scala
2022.07.18 10:38:48 WARN  no build target for: /home/ddddddd/learning/ic_design/chisel-template/src/main/scala/mips_cpu_cache/core/myCPU.scala
2022.07.18 10:45:23 WARN  no build target for: /home/ddddddd/learning/ic_design/chisel-template/src/main/scala/mips_cpu_cache/core/myCPU.scala
2022.07.18 10:46:20 WARN  no build target for: /home/ddddddd/learning/ic_design/chisel-template/src/main/scala/mips_cpu_cache/core/myCPU.scala
2022.07.18 10:46:27 WARN  no build target for: /home/ddddddd/learning/ic_design/chisel-template/src/main/scala/mips_cpu_cache/core/myCPU.scala
2022.07.18 10:46:28 WARN  no build target for: /home/ddddddd/learning/ic_design/chisel-template/src/main/scala/mips_cpu_cache/core/myCPU.scala
2022.07.18 10:46:31 WARN  no build target for: /home/ddddddd/learning/ic_design/chisel-template/src/main/scala/mips_cpu_cache/core/myCPU.scala
2022.07.18 10:46:33 WARN  no build target for: /home/ddddddd/learning/ic_design/chisel-template/src/main/scala/mips_cpu_cache/core/myCPU.scala
2022.07.18 10:46:35 WARN  no build target for: /home/ddddddd/learning/ic_design/chisel-template/src/main/scala/mips_cpu_cache/core/myCPU.scala
2022.07.18 10:46:36 WARN  no build target for: /home/ddddddd/learning/ic_design/chisel-template/src/main/scala/mips_cpu_cache/core/myCPU.scala
2022.07.18 10:48:00 WARN  no build target for: /home/ddddddd/learning/ic_design/chisel-template/src/main/scala/mips_cpu_cache/core/myCPU.scala
2022.07.18 10:48:03 WARN  no build target for: /home/ddddddd/learning/ic_design/chisel-template/src/main/scala/mips_cpu_cache/core/myCPU.scala
2022.07.18 10:48:07 WARN  no build target for: /home/ddddddd/learning/ic_design/chisel-template/src/main/scala/mips_cpu_cache/core/myCPU.scala
2022.07.18 10:48:21 WARN  no build target for: /home/ddddddd/learning/ic_design/chisel-template/src/main/scala/mips_cpu_cache/core/myCPU.scala
2022.07.18 10:48:24 WARN  no build target for: /home/ddddddd/learning/ic_design/chisel-template/src/main/scala/mips_cpu_cache/core/myCPU.scala
2022.07.18 10:48:28 WARN  no build target for: /home/ddddddd/learning/ic_design/chisel-template/src/main/scala/mips_cpu_cache/core/myCPU.scala
2022.07.18 10:48:30 WARN  no build target for: /home/ddddddd/learning/ic_design/chisel-template/src/main/scala/mips_cpu_cache/core/myCPU.scala
2022.07.18 10:50:19 WARN  no build target for: /home/ddddddd/learning/ic_design/chisel-template/src/main/scala/mips_cpu_cache/core/myCPU.scala
2022.07.18 10:52:06 WARN  no build target for: /home/ddddddd/learning/ic_design/chisel-template/src/main/scala/mips_cpu_cache/core/myCPU.scala
2022.07.18 10:52:08 WARN  no build target for: /home/ddddddd/learning/ic_design/chisel-template/src/main/scala/mips_cpu_cache/core/myCPU.scala
2022.07.18 10:52:20 WARN  no build target for: /home/ddddddd/learning/ic_design/chisel-template/src/main/scala/mips_cpu_cache/core/myCPU.scala
2022.07.18 10:52:25 WARN  no build target for: /home/ddddddd/learning/ic_design/chisel-template/src/main/scala/mips_cpu_cache/core/myCPU.scala
2022.07.18 10:54:24 WARN  no build target for: /home/ddddddd/learning/ic_design/chisel-template/src/main/scala/mips_cpu_cache/core/myCPU.scala
2022.07.18 10:54:45 WARN  no build target for: /home/ddddddd/learning/ic_design/chisel-template/src/main/scala/mips_cpu_cache/core/myCPU.scala
2022.07.18 10:59:16 WARN  no build target for: /home/ddddddd/learning/ic_design/chisel-template/src/main/scala/mips_cpu_cache/core/myCPU.scala
Jul 18, 2022 10:59:39 AM org.eclipse.lsp4j.jsonrpc.RemoteEndpoint handleCancellation
WARNING: Unmatched cancel notification for request id 5131
2022.07.18 10:59:58 WARN  no build target for: /home/ddddddd/learning/ic_design/chisel-template/src/main/scala/mips_cpu_cache/core/myCPU.scala
2022.07.18 11:01:19 WARN  no build target for: /home/ddddddd/learning/ic_design/chisel-template/src/main/scala/mips_cpu_cache/core/myCPU.scala
2022.07.18 11:01:19 WARN  no build target for: /home/ddddddd/learning/ic_design/chisel-template/src/main/scala/mips_cpu_cache/core/myCPU.scala
2022.07.18 11:01:40 WARN  no build target for: /home/ddddddd/learning/ic_design/chisel-template/src/main/scala/mips_cpu_cache/core/myCPU.scala
2022.07.18 11:01:43 WARN  no build target for: /home/ddddddd/learning/ic_design/chisel-template/src/main/scala/mips_cpu_cache/core/myCPU.scala
2022.07.18 11:01:46 WARN  no build target for: /home/ddddddd/learning/ic_design/chisel-template/src/main/scala/mips_cpu_cache/core/myCPU.scala
2022.07.18 11:01:57 WARN  no build target for: /home/ddddddd/learning/ic_design/chisel-template/src/main/scala/mips_cpu_cache/core/myCPU.scala
2022.07.18 11:02:38 WARN  no build target for: /home/ddddddd/learning/ic_design/chisel-template/src/main/scala/mips_cpu_cache/core/myCPU.scala
2022.07.18 11:02:40 WARN  no build target for: /home/ddddddd/learning/ic_design/chisel-template/src/main/scala/mips_cpu_cache/core/myCPU.scala
2022.07.18 11:02:41 WARN  no build target for: /home/ddddddd/learning/ic_design/chisel-template/src/main/scala/mips_cpu_cache/core/myCPU.scala
2022.07.18 11:02:55 WARN  no build target for: /home/ddddddd/learning/ic_design/chisel-template/src/main/scala/mips_cpu_cache/core/myCPU.scala
2022.07.18 11:03:38 WARN  no build target for: /home/ddddddd/learning/ic_design/chisel-template/src/main/scala/mips_cpu_cache/core/myCPU.scala
2022.07.18 11:03:39 WARN  no build target for: /home/ddddddd/learning/ic_design/chisel-template/src/main/scala/mips_cpu_cache/core/myCPU.scala
2022.07.18 11:03:44 WARN  no build target for: /home/ddddddd/learning/ic_design/chisel-template/src/main/scala/mips_cpu_cache/core/myCPU.scala
2022.07.18 11:03:47 WARN  no build target for: /home/ddddddd/learning/ic_design/chisel-template/src/main/scala/mips_cpu_cache/core/myCPU.scala
2022.07.18 11:03:50 WARN  no build target for: /home/ddddddd/learning/ic_design/chisel-template/src/main/scala/mips_cpu_cache/core/myCPU.scala
2022.07.18 11:03:53 WARN  no build target for: /home/ddddddd/learning/ic_design/chisel-template/src/main/scala/mips_cpu_cache/core/myCPU.scala
2022.07.18 11:03:58 WARN  no build target for: /home/ddddddd/learning/ic_design/chisel-template/src/main/scala/mips_cpu_cache/core/myCPU.scala
2022.07.18 11:03:59 WARN  no build target for: /home/ddddddd/learning/ic_design/chisel-template/src/main/scala/mips_cpu_cache/core/myCPU.scala
2022.07.18 11:04:05 WARN  no build target for: /home/ddddddd/learning/ic_design/chisel-template/src/main/scala/mips_cpu_cache/core/myCPU.scala
2022.07.18 11:04:07 WARN  no build target for: /home/ddddddd/learning/ic_design/chisel-template/src/main/scala/mips_cpu_cache/core/myCPU.scala
2022.07.18 11:05:18 WARN  no build target for: /home/ddddddd/learning/ic_design/chisel-template/src/main/scala/mips_cpu_cache/core/myCPU.scala
2022.07.18 11:05:21 WARN  no build target for: /home/ddddddd/learning/ic_design/chisel-template/src/main/scala/mips_cpu_cache/core/myCPU.scala
2022.07.18 11:05:23 WARN  no build target for: /home/ddddddd/learning/ic_design/chisel-template/src/main/scala/mips_cpu_cache/core/myCPU.scala
2022.07.18 11:05:35 WARN  no build target for: /home/ddddddd/learning/ic_design/chisel-template/src/main/scala/mips_cpu_cache/core/myCPU.scala
2022.07.18 11:05:51 WARN  no build tool detected in workspace '/home/ddddddd/learning/ic_design/chisel-template/src/main/scala/mips_cpu_cache'. The most common cause for this problem is that the editor was opened in the wrong working directory, for example if you use sbt then the workspace directory should contain build.sbt. 
2022.07.18 11:06:13 INFO  shutting down Metals
